d:\蓝目实习\项目三\algo-plug-master\algo-plug-master\algo_plugin\debug\algo_plugin.lib
d:\蓝目实习\项目三\algo-plug-master\algo-plug-master\algo_plugin\debug\algo_plugin.exp
d:\蓝目实习\项目三\algo-plug-master\algo-plug-master\algo_plugin\algo_plugin\debug\algo_plugin.pch
d:\蓝目实习\项目三\algo-plug-master\algo-plug-master\algo_plugin\algo_plugin\debug\vc141.pdb
d:\蓝目实习\项目三\algo-plug-master\algo-plug-master\algo_plugin\algo_plugin\debug\vc141.idb
d:\蓝目实习\项目三\algo-plug-master\algo-plug-master\algo_plugin\algo_plugin\debug\stdafx.obj
d:\蓝目实习\项目三\algo-plug-master\algo-plug-master\algo_plugin\algo_plugin\debug\algo_plugin.obj
d:\蓝目实习\项目三\algo-plug-master\algo-plug-master\algo_plugin\algo_plugin\debug\algorithms.obj
d:\蓝目实习\项目三\algo-plug-master\algo-plug-master\algo_plugin\debug\algo_plugin.ilk
d:\蓝目实习\项目三\algo-plug-master\algo-plug-master\algo_plugin\debug\algo_plugin.dll
d:\蓝目实习\项目三\algo-plug-master\algo-plug-master\algo_plugin\debug\algo_plugin.pdb
d:\蓝目实习\项目三\algo-plug-master\algo-plug-master\algo_plugin\algo_plugin\debug\algo_plugin.res
d:\蓝目实习\项目三\algo-plug-master\algo-plug-master\algo_plugin\algo_plugin\..\debug\algo_plugin.dll
d:\蓝目实习\项目三\algo-plug-master\algo-plug-master\algo_plugin\algo_plugin\debug\algo_plugin.tlog\algo_plugin.write.1u.tlog
d:\蓝目实习\项目三\algo-plug-master\algo-plug-master\algo_plugin\algo_plugin\debug\algo_plugin.tlog\cl.command.1.tlog
d:\蓝目实习\项目三\algo-plug-master\algo-plug-master\algo_plugin\algo_plugin\debug\algo_plugin.tlog\cl.read.1.tlog
d:\蓝目实习\项目三\algo-plug-master\algo-plug-master\algo_plugin\algo_plugin\debug\algo_plugin.tlog\cl.write.1.tlog
d:\蓝目实习\项目三\algo-plug-master\algo-plug-master\algo_plugin\algo_plugin\debug\algo_plugin.tlog\link.command.1.tlog
d:\蓝目实习\项目三\algo-plug-master\algo-plug-master\algo_plugin\algo_plugin\debug\algo_plugin.tlog\link.read.1.tlog
d:\蓝目实习\项目三\algo-plug-master\algo-plug-master\algo_plugin\algo_plugin\debug\algo_plugin.tlog\link.write.1.tlog
d:\蓝目实习\项目三\algo-plug-master\algo-plug-master\algo_plugin\algo_plugin\debug\algo_plugin.tlog\rc.command.1.tlog
d:\蓝目实习\项目三\algo-plug-master\algo-plug-master\algo_plugin\algo_plugin\debug\algo_plugin.tlog\rc.read.1.tlog
d:\蓝目实习\项目三\algo-plug-master\algo-plug-master\algo_plugin\algo_plugin\debug\algo_plugin.tlog\rc.write.1.tlog
