d:\program files (x86)\blueye\algo_plugin.lib
d:\program files (x86)\blueye\algo_plugin.exp
d:\program files (x86)\blueye\algo_plugin.ipdb
d:\program files (x86)\blueye\algo_plugin.iobj
d:\蓝目实习\项目三\algo-plug-master\algo-plug-master\algo_plugin\algo_plugin\release\algo_plugin.pch
d:\蓝目实习\项目三\algo-plug-master\algo-plug-master\algo_plugin\algo_plugin\release\vc141.pdb
d:\蓝目实习\项目三\algo-plug-master\algo-plug-master\algo_plugin\algo_plugin\release\stdafx.obj
d:\蓝目实习\项目三\algo-plug-master\algo-plug-master\algo_plugin\algo_plugin\release\algo_plugin.obj
d:\蓝目实习\项目三\algo-plug-master\algo-plug-master\algo_plugin\algo_plugin\release\algorithms.obj
d:\program files (x86)\blueye\algo_plugin.dll
d:\program files (x86)\blueye\algo_plugin.pdb
d:\蓝目实习\项目三\algo-plug-master\algo-plug-master\algo_plugin\algo_plugin\release\algo_plugin.res
d:\蓝目实习\项目三\algo-plug-master\algo-plug-master\algo_plugin\algo_plugin\release\algo_plugin.tlog\algo_plugin.write.1u.tlog
d:\蓝目实习\项目三\algo-plug-master\algo-plug-master\algo_plugin\algo_plugin\release\algo_plugin.tlog\cl.command.1.tlog
d:\蓝目实习\项目三\algo-plug-master\algo-plug-master\algo_plugin\algo_plugin\release\algo_plugin.tlog\cl.read.1.tlog
d:\蓝目实习\项目三\algo-plug-master\algo-plug-master\algo_plugin\algo_plugin\release\algo_plugin.tlog\cl.write.1.tlog
d:\蓝目实习\项目三\algo-plug-master\algo-plug-master\algo_plugin\algo_plugin\release\algo_plugin.tlog\link.command.1.tlog
d:\蓝目实习\项目三\algo-plug-master\algo-plug-master\algo_plugin\algo_plugin\release\algo_plugin.tlog\link.read.1.tlog
d:\蓝目实习\项目三\algo-plug-master\algo-plug-master\algo_plugin\algo_plugin\release\algo_plugin.tlog\link.write.1.tlog
d:\蓝目实习\项目三\algo-plug-master\algo-plug-master\algo_plugin\algo_plugin\release\algo_plugin.tlog\rc.command.1.tlog
d:\蓝目实习\项目三\algo-plug-master\algo-plug-master\algo_plugin\algo_plugin\release\algo_plugin.tlog\rc.read.1.tlog
d:\蓝目实习\项目三\algo-plug-master\algo-plug-master\algo_plugin\algo_plugin\release\algo_plugin.tlog\rc.write.1.tlog
