C:\Program Files (x86)\Microsoft Visual Studio\2017\Professional\Common7\IDE\VC\VCTargets\Microsoft.CppBuild.targets(377,5): warning MSB8004: Output 目录未以斜杠结尾。  此生成实例将添加斜杠，因为必须有这个斜杠才能正确计算 Output 目录。
  stdafx.cpp
  Algorithms.cpp
d:\蓝目实习\项目三\algo-plug-master\algo-plug-master\algo_plugin\algo_plugin\algorithms.cpp(55): warning C4018: “<”: 有符号/无符号不匹配
d:\蓝目实习\项目三\algo-plug-master\algo-plug-master\algo_plugin\algo_plugin\algorithms.cpp(66): warning C4018: “<”: 有符号/无符号不匹配
d:\蓝目实习\项目三\algo-plug-master\algo-plug-master\algo_plugin\algo_plugin\algorithms.cpp(83): warning C4018: “<”: 有符号/无符号不匹配
d:\蓝目实习\项目三\algo-plug-master\algo-plug-master\algo_plugin\algo_plugin\algorithms.cpp(93): warning C4018: “<”: 有符号/无符号不匹配
d:\蓝目实习\项目三\algo-plug-master\algo-plug-master\algo_plugin\algo_plugin\algorithms.cpp(116): warning C4018: “<”: 有符号/无符号不匹配
d:\蓝目实习\项目三\algo-plug-master\algo-plug-master\algo_plugin\algo_plugin\algorithms.cpp(128): warning C4018: “<”: 有符号/无符号不匹配
d:\蓝目实习\项目三\algo-plug-master\algo-plug-master\algo_plugin\algo_plugin\algorithms.cpp(131): warning C4018: “<”: 有符号/无符号不匹配
d:\蓝目实习\项目三\algo-plug-master\algo-plug-master\algo_plugin\algo_plugin\algorithms.cpp(180): warning C4018: “<”: 有符号/无符号不匹配
d:\蓝目实习\项目三\algo-plug-master\algo-plug-master\algo_plugin\algo_plugin\algorithms.cpp(209): warning C4244: “初始化”: 从“_Ty”转换到“int”，可能丢失数据
          with
          [
              _Ty=double
          ]
d:\蓝目实习\项目三\algo-plug-master\algo-plug-master\algo_plugin\algo_plugin\algorithms.cpp(291): warning C4018: “<”: 有符号/无符号不匹配
d:\蓝目实习\项目三\algo-plug-master\algo-plug-master\algo_plugin\algo_plugin\algorithms.cpp(320): warning C4018: “<”: 有符号/无符号不匹配
d:\蓝目实习\项目三\algo-plug-master\algo-plug-master\algo_plugin\algo_plugin\algorithms.cpp(351): warning C4018: “<”: 有符号/无符号不匹配
d:\蓝目实习\项目三\algo-plug-master\algo-plug-master\algo_plugin\algo_plugin\algorithms.cpp(380): warning C4018: “<”: 有符号/无符号不匹配
d:\蓝目实习\项目三\algo-plug-master\algo-plug-master\algo_plugin\algo_plugin\algorithms.cpp(628): warning C4244: “初始化”: 从“_Ty”转换到“int”，可能丢失数据
          with
          [
              _Ty=double
          ]
d:\蓝目实习\项目三\algo-plug-master\algo-plug-master\algo_plugin\algo_plugin\algorithms.cpp(634): warning C4018: “<”: 有符号/无符号不匹配
d:\蓝目实习\项目三\algo-plug-master\algo-plug-master\algo_plugin\algo_plugin\algorithms.cpp(647): warning C4018: “<”: 有符号/无符号不匹配
d:\蓝目实习\项目三\algo-plug-master\algo-plug-master\algo_plugin\algo_plugin\algorithms.cpp(653): warning C4018: “<”: 有符号/无符号不匹配
  algo_plugin.cpp
    正在创建库 D:\Program Files (x86)\BLUEYE\algo_plugin.lib 和对象 D:\Program Files (x86)\BLUEYE\algo_plugin.exp
  正在生成代码
  All 680 functions were compiled because no usable IPDB/IOBJ from previous compilation was found.
  已完成代码的生成
  algo_plugin.vcxproj -> D:\Program Files (x86)\BLUEYE\algo_plugin.dll
